{"level":"error","message":"Error del servidor.Error: listen EADDRINUSE: address already in use :::8080"}
{"level":"error","message":"Error al guardar un nuevo producto."}
{"level":"error","message":"Error al guardar un nuevo producto."}
{"level":"error","message":"Error al guardar un nuevo producto."}
{"level":"error","message":"Error al enviar sms de Administrador de [object Object]."}
{"level":"error","message":"Error al enviar sms de Administrador de [object Object]."}
{"level":"error","message":"Error al enviar sms de Administrador de penalvasantiagogm@gmail.com."}
{"level":"error","message":"Error al enviar sms de Administrador de penalvasantiagogm@gmail.com."}
{"level":"error","message":"Error al guardar un nuevo producto."}
{"level":"error","message":"Error al guardar un nuevo producto."}
{"level":"error","message":"Error al guardar un nuevo producto."}
{"level":"error","message":"Error al borrar un producto."}
{"level":"error","message":"Error al guardar un nuevo producto."}
{"level":"error","message":"Error al guardar un nuevo producto."}
{"level":"error","message":"Error al guardar un nuevo producto."}
{"level":"error","message":"Error al guardar un nuevo producto."}
{"level":"error","message":"Error al guardar un nuevo producto."}
{"level":"error","message":"Error al guardar un nuevo producto."}
{"level":"error","message":"Error al guardar un nuevo producto."}
{"level":"error","message":"Error al guardar un nuevo producto."}
{"level":"error","message":"Error al borrar un producto."}
{"level":"error","message":"Error del servidor.Error: listen EACCES: permission denied --port=8081"}
{"level":"error","message":"Error del servidor.Error: listen EACCES: permission denied --port=3000"}
{"level":"error","message":"Error del servidor.Error: listen EACCES: permission denied --port=3000"}
{"level":"error","message":"Error del servidor.Error: listen EACCES: permission denied --port=3000"}
{"level":"error","message":"Error del servidor.Error: listen EACCES: permission denied --port=3000"}
